# JRE version: OpenJDK Runtime Environment Temurin-17.0.9+9 (17.0.9+9) (build 17.0.9+9)
# Java VM: OpenJDK 64-Bit Server VM Temurin-17.0.9+9 (17.0.9+9, mixed mode, emulated-client, tiered, compressed oops, compressed class ptrs, g1 gc, windows-amd64)
GC Precious Log:
 CPUs: 12 total, 12 available
 Memory: 32617M
 Large Page Support: Disabled
 NUMA Support: Disabled
 Compressed Oops: Enabled (32-bit)
 Heap Region Size: 1M
 Heap Min Capacity: 8M
 Heap Initial Capacity: 510M
 Heap Max Capacity: 1G
 Pre-touch: Disabled
 Parallel Workers: 10
 Concurrent Workers: 3
 Concurrent Refinement Workers: 10
 Periodic GC: Disabled
Heap:
 garbage-first heap   total 96256K, used 28301K [0x00000000c0000000, 0x0000000100000000)
  region size 1024K, 1 young (1024K), 0 survivors (0K)
 Metaspace       used 57275K, committed 57920K, reserved 1114112K
  class space    used 7101K, committed 7360K, reserved 1048576K
GC Heap History (20 events):
Event: 1782.387 GC heap before
{Heap before GC invocations=175 (full 155):
 garbage-first heap   total 96256K, used 28301K [0x00000000c0000000, 0x0000000100000000)
  region size 1024K, 1 young (1024K), 0 survivors (0K)
 Metaspace       used 57275K, committed 57920K, reserved 1114112K
  class space    used 7101K, committed 7360K, reserved 1048576K
}
Event: 1782.409 GC heap after
{Heap after GC invocations=176 (full 156):
 garbage-first heap   total 96256K, used 28301K [0x00000000c0000000, 0x0000000100000000)
  region size 1024K, 0 young (0K), 0 survivors (0K)
 Metaspace       used 57275K, committed 57920K, reserved 1114112K
  class space    used 7101K, committed 7360K, reserved 1048576K
}
Event: 1792.719 GC heap before
{Heap before GC invocations=176 (full 156):
 garbage-first heap   total 96256K, used 28301K [0x00000000c0000000, 0x0000000100000000)
  region size 1024K, 1 young (1024K), 0 survivors (0K)
 Metaspace       used 57275K, committed 57920K, reserved 1114112K
  class space    used 7101K, committed 7360K, reserved 1048576K
}
Event: 1792.743 GC heap after
{Heap after GC invocations=177 (full 157):
 garbage-first heap   total 96256K, used 28301K [0x00000000c0000000, 0x0000000100000000)
  region size 1024K, 0 young (0K), 0 survivors (0K)
 Metaspace       used 57275K, committed 57920K, reserved 1114112K
  class space    used 7101K, committed 7360K, reserved 1048576K
}
Event: 1803.034 GC heap before
{Heap before GC invocations=177 (full 157):
 garbage-first heap   total 96256K, used 28301K [0x00000000c0000000, 0x0000000100000000)
  region size 1024K, 1 young (1024K), 0 survivors (0K)
 Metaspace       used 57275K, committed 57920K, reserved 1114112K
  class space    used 7101K, committed 7360K, reserved 1048576K
}
Event: 1803.056 GC heap after
{Heap after GC invocations=178 (full 158):
 garbage-first heap   total 96256K, used 28301K [0x00000000c0000000, 0x0000000100000000)
  region size 1024K, 0 young (0K), 0 survivors (0K)
 Metaspace       used 57275K, committed 57920K, reserved 1114112K
  class space    used 7101K, committed 7360K, reserved 1048576K
}
Event: 1813.347 GC heap before
{Heap before GC invocations=178 (full 158):
 garbage-first heap   total 96256K, used 28301K [0x00000000c0000000, 0x0000000100000000)
  region size 1024K, 1 young (1024K), 0 survivors (0K)
 Metaspace       used 57275K, committed 57920K, reserved 1114112K
  class space    used 7101K, committed 7360K, reserved 1048576K
}
Event: 1813.371 GC heap after
{Heap after GC invocations=179 (full 159):
 garbage-first heap   total 96256K, used 28301K [0x00000000c0000000, 0x0000000100000000)
  region size 1024K, 0 young (0K), 0 survivors (0K)
 Metaspace       used 57275K, committed 57920K, reserved 1114112K
  class space    used 7101K, committed 7360K, reserved 1048576K
}
Event: 1823.660 GC heap before
{Heap before GC invocations=179 (full 159):
 garbage-first heap   total 96256K, used 28301K [0x00000000c0000000, 0x0000000100000000)
  region size 1024K, 1 young (1024K), 0 survivors (0K)
 Metaspace       used 57275K, committed 57920K, reserved 1114112K
  class space    used 7101K, committed 7360K, reserved 1048576K
}
Event: 1823.683 GC heap after
{Heap after GC invocations=180 (full 160):
 garbage-first heap   total 96256K, used 28301K [0x00000000c0000000, 0x0000000100000000)
  region size 1024K, 0 young (0K), 0 survivors (0K)
 Metaspace       used 57275K, committed 57920K, reserved 1114112K
  class space    used 7101K, committed 7360K, reserved 1048576K
}
Event: 1833.967 GC heap before
{Heap before GC invocations=180 (full 160):
 garbage-first heap   total 96256K, used 28301K [0x00000000c0000000, 0x0000000100000000)
  region size 1024K, 1 young (1024K), 0 survivors (0K)
 Metaspace       used 57275K, committed 57920K, reserved 1114112K
  class space    used 7101K, committed 7360K, reserved 1048576K
}
Event: 1833.992 GC heap after
{Heap after GC invocations=181 (full 161):
 garbage-first heap   total 96256K, used 28301K [0x00000000c0000000, 0x0000000100000000)
  region size 1024K, 0 young (0K), 0 survivors (0K)
 Metaspace       used 57275K, committed 57920K, reserved 1114112K
  class space    used 7101K, committed 7360K, reserved 1048576K
}
Event: 1844.292 GC heap before
{Heap before GC invocations=181 (full 161):
 garbage-first heap   total 96256K, used 28301K [0x00000000c0000000, 0x0000000100000000)
  region size 1024K, 1 young (1024K), 0 survivors (0K)
 Metaspace       used 57275K, committed 57920K, reserved 1114112K
  class space    used 7101K, committed 7360K, reserved 1048576K
}
Event: 1844.314 GC heap after
{Heap after GC invocations=182 (full 162):
 garbage-first heap   total 96256K, used 28301K [0x00000000c0000000, 0x0000000100000000)
  region size 1024K, 0 young (0K), 0 survivors (0K)
 Metaspace       used 57275K, committed 57920K, reserved 1114112K
  class space    used 7101K, committed 7360K, reserved 1048576K
}
Event: 1854.622 GC heap before
{Heap before GC invocations=182 (full 162):
 garbage-first heap   total 96256K, used 28301K [0x00000000c0000000, 0x0000000100000000)
  region size 1024K, 1 young (1024K), 0 survivors (0K)
 Metaspace       used 57275K, committed 57920K, reserved 1114112K
  class space    used 7101K, committed 7360K, reserved 1048576K
}
Event: 1854.647 GC heap after
{Heap after GC invocations=183 (full 163):
 garbage-first heap   total 96256K, used 28301K [0x00000000c0000000, 0x0000000100000000)
  region size 1024K, 0 young (0K), 0 survivors (0K)
 Metaspace       used 57275K, committed 57920K, reserved 1114112K
  class space    used 7101K, committed 7360K, reserved 1048576K
}
Event: 1864.938 GC heap before
{Heap before GC invocations=183 (full 163):
 garbage-first heap   total 96256K, used 28301K [0x00000000c0000000, 0x0000000100000000)
  region size 1024K, 1 young (1024K), 0 survivors (0K)
 Metaspace       used 57275K, committed 57920K, reserved 1114112K
  class space    used 7101K, committed 7360K, reserved 1048576K
}
Event: 1864.961 GC heap after
{Heap after GC invocations=184 (full 164):
 garbage-first heap   total 96256K, used 28301K [0x00000000c0000000, 0x0000000100000000)
  region size 1024K, 0 young (0K), 0 survivors (0K)
 Metaspace       used 57275K, committed 57920K, reserved 1114112K
  class space    used 7101K, committed 7360K, reserved 1048576K
}
Event: 1875.260 GC heap before
{Heap before GC invocations=184 (full 164):
 garbage-first heap   total 96256K, used 28301K [0x00000000c0000000, 0x0000000100000000)
  region size 1024K, 1 young (1024K), 0 survivors (0K)
 Metaspace       used 57275K, committed 57920K, reserved 1114112K
  class space    used 7101K, committed 7360K, reserved 1048576K
}
Event: 1875.282 GC heap after
{Heap after GC invocations=185 (full 165):
 garbage-first heap   total 96256K, used 28301K [0x00000000c0000000, 0x0000000100000000)
  region size 1024K, 0 young (0K), 0 survivors (0K)
 Metaspace       used 57275K, committed 57920K, reserved 1114112K
  class space    used 7101K, committed 7360K, reserved 1048576K
}

